# JRE version: OpenJDK Runtime Environment (11.0.10) (build 11.0.10+0-b96-7249189)
# Java VM: OpenJDK 64-Bit Server VM (11.0.10+0-b96-7249189, mixed mode, tiered, compressed oops, g1 gc, windows-amd64)
Heap:
 garbage-first heap   total 157696K, used 93479K [0x0000000080000000, 0x0000000100000000)
  region size 1024K, 12 young (12288K), 1 survivors (1024K)
 Metaspace       used 90169K, capacity 92374K, committed 92492K, reserved 1130496K
  class space    used 11497K, capacity 12281K, committed 12364K, reserved 1048576K
GC Heap History (20 events):
Event: 34.411 GC heap before
{Heap before GC invocations=17 (full 0):
 garbage-first heap   total 157696K, used 118892K [0x0000000080000000, 0x0000000100000000)
  region size 1024K, 65 young (66560K), 8 survivors (8192K)
 Metaspace       used 81301K, capacity 83441K, committed 83532K, reserved 1122304K
  class space    used 10508K, capacity 11265K, committed 11340K, reserved 1048576K
}
Event: 34.435 GC heap after
{Heap after GC invocations=18 (full 0):
 garbage-first heap   total 157696K, used 67584K [0x0000000080000000, 0x0000000100000000)
  region size 1024K, 9 young (9216K), 9 survivors (9216K)
 Metaspace       used 81301K, capacity 83441K, committed 83532K, reserved 1122304K
  class space    used 10508K, capacity 11265K, committed 11340K, reserved 1048576K
}
Event: 37.510 GC heap before
{Heap before GC invocations=18 (full 0):
 garbage-first heap   total 157696K, used 121856K [0x0000000080000000, 0x0000000100000000)
  region size 1024K, 63 young (64512K), 9 survivors (9216K)
 Metaspace       used 82149K, capacity 84216K, committed 84300K, reserved 1122304K
  class space    used 10567K, capacity 11312K, committed 11340K, reserved 1048576K
}
Event: 37.532 GC heap after
{Heap after GC invocations=19 (full 0):
 garbage-first heap   total 157696K, used 72852K [0x0000000080000000, 0x0000000100000000)
  region size 1024K, 5 young (5120K), 5 survivors (5120K)
 Metaspace       used 82149K, capacity 84216K, committed 84300K, reserved 1122304K
  class space    used 10567K, capacity 11312K, committed 11340K, reserved 1048576K
}
Event: 39.406 GC heap before
{Heap before GC invocations=19 (full 0):
 garbage-first heap   total 157696K, used 127124K [0x0000000080000000, 0x0000000100000000)
  region size 1024K, 56 young (57344K), 5 survivors (5120K)
 Metaspace       used 83619K, capacity 85684K, committed 85836K, reserved 1124352K
  class space    used 10748K, capacity 11516K, committed 11596K, reserved 1048576K
}
Event: 39.436 GC heap after
{Heap after GC invocations=20 (full 0):
 garbage-first heap   total 157696K, used 88445K [0x0000000080000000, 0x0000000100000000)
  region size 1024K, 7 young (7168K), 7 survivors (7168K)
 Metaspace       used 83619K, capacity 85684K, committed 85836K, reserved 1124352K
  class space    used 10748K, capacity 11516K, committed 11596K, reserved 1048576K
}
Event: 40.365 GC heap before
{Heap before GC invocations=20 (full 0):
 garbage-first heap   total 157696K, used 107901K [0x0000000080000000, 0x0000000100000000)
  region size 1024K, 27 young (27648K), 7 survivors (7168K)
 Metaspace       used 84059K, capacity 86173K, committed 86348K, reserved 1124352K
  class space    used 10784K, capacity 11551K, committed 11596K, reserved 1048576K
}
Event: 40.400 GC heap after
{Heap after GC invocations=21 (full 0):
 garbage-first heap   total 157696K, used 96256K [0x0000000080000000, 0x0000000100000000)
  region size 1024K, 5 young (5120K), 5 survivors (5120K)
 Metaspace       used 84059K, capacity 86173K, committed 86348K, reserved 1124352K
  class space    used 10784K, capacity 11551K, committed 11596K, reserved 1048576K
}
Event: 41.009 GC heap before
{Heap before GC invocations=22 (full 0):
 garbage-first heap   total 157696K, used 99328K [0x0000000080000000, 0x0000000100000000)
  region size 1024K, 6 young (6144K), 5 survivors (5120K)
 Metaspace       used 84034K, capacity 86132K, committed 86348K, reserved 1124352K
  class space    used 10776K, capacity 11537K, committed 11596K, reserved 1048576K
}
Event: 41.024 GC heap after
{Heap after GC invocations=23 (full 0):
 garbage-first heap   total 157696K, used 98804K [0x0000000080000000, 0x0000000100000000)
  region size 1024K, 1 young (1024K), 1 survivors (1024K)
 Metaspace       used 84034K, capacity 86132K, committed 86348K, reserved 1124352K
  class space    used 10776K, capacity 11537K, committed 11596K, reserved 1048576K
}
Event: 41.927 GC heap before
{Heap before GC invocations=24 (full 0):
 garbage-first heap   total 157696K, used 126452K [0x0000000080000000, 0x0000000100000000)
  region size 1024K, 17 young (17408K), 1 survivors (1024K)
 Metaspace       used 85641K, capacity 87812K, committed 88140K, reserved 1126400K
  class space    used 10950K, capacity 11749K, committed 11852K, reserved 1048576K
}
Event: 41.933 GC heap after
{Heap after GC invocations=25 (full 0):
 garbage-first heap   total 157696K, used 101291K [0x0000000080000000, 0x0000000100000000)
  region size 1024K, 1 young (1024K), 1 survivors (1024K)
 Metaspace       used 85641K, capacity 87812K, committed 88140K, reserved 1126400K
  class space    used 10950K, capacity 11749K, committed 11852K, reserved 1048576K
}
Event: 42.736 GC heap before
{Heap before GC invocations=25 (full 0):
 garbage-first heap   total 157696K, used 118699K [0x0000000080000000, 0x0000000100000000)
  region size 1024K, 19 young (19456K), 1 survivors (1024K)
 Metaspace       used 86430K, capacity 88577K, committed 88652K, reserved 1126400K
  class space    used 11036K, capacity 11826K, committed 11852K, reserved 1048576K
}
Event: 42.743 GC heap after
{Heap after GC invocations=26 (full 0):
 garbage-first heap   total 157696K, used 102017K [0x0000000080000000, 0x0000000100000000)
  region size 1024K, 2 young (2048K), 2 survivors (2048K)
 Metaspace       used 86430K, capacity 88577K, committed 88652K, reserved 1126400K
  class space    used 11036K, capacity 11826K, committed 11852K, reserved 1048576K
}
Event: 43.651 GC heap before
{Heap before GC invocations=27 (full 0):
 garbage-first heap   total 157696K, used 114305K [0x0000000080000000, 0x0000000100000000)
  region size 1024K, 21 young (21504K), 2 survivors (2048K)
 Metaspace       used 87371K, capacity 89465K, committed 89548K, reserved 1126400K
  class space    used 11146K, capacity 11930K, committed 11980K, reserved 1048576K
}
Event: 43.658 GC heap after
{Heap after GC invocations=28 (full 0):
 garbage-first heap   total 157696K, used 95774K [0x0000000080000000, 0x0000000100000000)
  region size 1024K, 1 young (1024K), 1 survivors (1024K)
 Metaspace       used 87371K, capacity 89465K, committed 89548K, reserved 1126400K
  class space    used 11146K, capacity 11930K, committed 11980K, reserved 1048576K
}
Event: 43.795 GC heap before
{Heap before GC invocations=28 (full 0):
 garbage-first heap   total 157696K, used 101918K [0x0000000080000000, 0x0000000100000000)
  region size 1024K, 7 young (7168K), 1 survivors (1024K)
 Metaspace       used 87701K, capacity 89753K, committed 89804K, reserved 1126400K
  class space    used 11200K, capacity 11962K, committed 11980K, reserved 1048576K
}
Event: 43.810 GC heap after
{Heap after GC invocations=29 (full 0):
 garbage-first heap   total 157696K, used 86884K [0x0000000080000000, 0x0000000100000000)
  region size 1024K, 1 young (1024K), 1 survivors (1024K)
 Metaspace       used 87701K, capacity 89753K, committed 89804K, reserved 1126400K
  class space    used 11200K, capacity 11962K, committed 11980K, reserved 1048576K
}
Event: 44.355 GC heap before
{Heap before GC invocations=29 (full 0):
 garbage-first heap   total 157696K, used 114532K [0x0000000080000000, 0x0000000100000000)
  region size 1024K, 28 young (28672K), 1 survivors (1024K)
 Metaspace       used 89636K, capacity 91737K, committed 91852K, reserved 1128448K
  class space    used 11451K, capacity 12218K, committed 12236K, reserved 1048576K
}
Event: 44.361 GC heap after
{Heap after GC invocations=30 (full 0):
 garbage-first heap   total 157696K, used 87335K [0x0000000080000000, 0x0000000100000000)
  region size 1024K, 1 young (1024K), 1 survivors (1024K)
 Metaspace       used 89636K, capacity 91737K, committed 91852K, reserved 1128448K
  class space    used 11451K, capacity 12218K, committed 12236K, reserved 1048576K
}

